<?xml version="1.0" encoding="UTF-8"?>
<!-- Generated by org.testng.reporters.JUnitReportReporter -->
<testsuite hostname="FBTCDEV3" failures="0" tests="4" name="com.tc_awc.negativetestcases.AWC_SubmitToWorkFlowForLowerReleaseStatus" time="292.594" errors="0" timestamp="2023-03-20T12:54:31 UTC" skipped="0">
  <testcase classname="com.tc_awc.negativetestcases.AWC_SubmitToWorkFlowForLowerReleaseStatus" name="submitToWorkFlowForLowerReleaseStatus_PWIP" time="81.236"/>
  <system-out/>
  <testcase classname="com.tc_awc.negativetestcases.AWC_SubmitToWorkFlowForLowerReleaseStatus" name="submitToWorkFlowForLowerReleaseStatus_EVTWIP" time="72.809"/>
  <system-out/>
  <testcase classname="com.tc_awc.negativetestcases.AWC_SubmitToWorkFlowForLowerReleaseStatus" name="submitToWorkFlowForLowerReleaseStatus_DVTWIP" time="72.840"/>
  <system-out/>
  <testcase classname="com.tc_awc.negativetestcases.AWC_SubmitToWorkFlowForLowerReleaseStatus" name="submitToWorkFlowForLowerReleaseStatus_PVTWIP" time="65.709"/>
  <system-out/>
</testsuite> <!-- com.tc_awc.negativetestcases.AWC_SubmitToWorkFlowForLowerReleaseStatus -->
