<?xml version="1.0" encoding="UTF-8"?>
<!-- Generated by org.testng.reporters.JUnitReportReporter -->
<testsuite hostname="FBTCDEV3" failures="0" tests="13" name="com.tc_awc.negativetestcases.AWC_CreateItemRevisionWithSameWIPStatus" time="522.409" errors="0" timestamp="2023-03-20T12:54:31 UTC" skipped="0">
  <testcase classname="com.tc_awc.negativetestcases.AWC_CreateItemRevisionWithSameWIPStatus" name="createItemRevisionWithSameWIPStatus_GeneralWIP" time="40.151"/>
  <system-out/>
  <testcase classname="com.tc_awc.negativetestcases.AWC_CreateItemRevisionWithSameWIPStatus" name="createItemRevisionWithSameWIPStatus_P0WIP" time="40.189"/>
  <system-out/>
  <testcase classname="com.tc_awc.negativetestcases.AWC_CreateItemRevisionWithSameWIPStatus" name="createItemRevisionWithSameWIPStatus_P1WIP" time="39.957"/>
  <system-out/>
  <testcase classname="com.tc_awc.negativetestcases.AWC_CreateItemRevisionWithSameWIPStatus" name="createItemRevisionWithSameWIPStatus_P2WIP" time="39.898"/>
  <system-out/>
  <testcase classname="com.tc_awc.negativetestcases.AWC_CreateItemRevisionWithSameWIPStatus" name="createItemRevisionWithSameWIPStatus_P3WIP" time="40.146"/>
  <system-out/>
  <testcase classname="com.tc_awc.negativetestcases.AWC_CreateItemRevisionWithSameWIPStatus" name="createItemRevisionWithSameWIPStatus_EVT1WIP" time="40.106"/>
  <system-out/>
  <testcase classname="com.tc_awc.negativetestcases.AWC_CreateItemRevisionWithSameWIPStatus" name="createItemRevisionWithSameWIPStatus_EVT2WIP" time="40.367"/>
  <system-out/>
  <testcase classname="com.tc_awc.negativetestcases.AWC_CreateItemRevisionWithSameWIPStatus" name="createItemRevisionWithSameWIPStatus_EVT3WIP" time="39.988"/>
  <system-out/>
  <testcase classname="com.tc_awc.negativetestcases.AWC_CreateItemRevisionWithSameWIPStatus" name="createItemRevisionWithSameWIPStatus_DVT1WIP" time="40.394"/>
  <system-out/>
  <testcase classname="com.tc_awc.negativetestcases.AWC_CreateItemRevisionWithSameWIPStatus" name="createItemRevisionWithSameWIPStatus_DVT2WIP" time="40.725"/>
  <system-out/>
  <testcase classname="com.tc_awc.negativetestcases.AWC_CreateItemRevisionWithSameWIPStatus" name="createItemRevisionWithSameWIPStatus_DVT3WIP" time="40.217"/>
  <system-out/>
  <testcase classname="com.tc_awc.negativetestcases.AWC_CreateItemRevisionWithSameWIPStatus" name="createItemRevisionWithSameWIPStatus_PVT1WIP" time="39.872"/>
  <system-out/>
  <testcase classname="com.tc_awc.negativetestcases.AWC_CreateItemRevisionWithSameWIPStatus" name="createItemRevisionWithSameWIPStatus_PVT2WIP" time="40.399"/>
  <system-out/>
</testsuite> <!-- com.tc_awc.negativetestcases.AWC_CreateItemRevisionWithSameWIPStatus -->
