<?xml version="1.0" encoding="UTF-8"?>
<!-- Generated by org.testng.reporters.JUnitReportReporter -->
<testsuite hostname="FBTCDEV3" failures="0" tests="13" name="com.tc_awc.functionaltestcases.AWC_SaveAsExistItemWithAllWIPStatus" time="482.002" errors="0" timestamp="2023-03-20T12:54:31 UTC" skipped="0">
  <testcase classname="com.tc_awc.functionaltestcases.AWC_SaveAsExistItemWithAllWIPStatus" name="saveAsItem_GeneralWIP" time="37.655"/>
  <system-out/>
  <testcase classname="com.tc_awc.functionaltestcases.AWC_SaveAsExistItemWithAllWIPStatus" name="saveAsItem_P0WIP" time="36.766"/>
  <system-out/>
  <testcase classname="com.tc_awc.functionaltestcases.AWC_SaveAsExistItemWithAllWIPStatus" name="saveAsItem_P1WIP" time="36.705"/>
  <system-out/>
  <testcase classname="com.tc_awc.functionaltestcases.AWC_SaveAsExistItemWithAllWIPStatus" name="saveAsItem_P2WIP" time="36.971"/>
  <system-out/>
  <testcase classname="com.tc_awc.functionaltestcases.AWC_SaveAsExistItemWithAllWIPStatus" name="saveAsItem_P3WIP" time="36.916"/>
  <system-out/>
  <testcase classname="com.tc_awc.functionaltestcases.AWC_SaveAsExistItemWithAllWIPStatus" name="saveAsItem_EVT1WIP" time="36.903"/>
  <system-out/>
  <testcase classname="com.tc_awc.functionaltestcases.AWC_SaveAsExistItemWithAllWIPStatus" name="saveAsItem_EVT2WIP" time="36.887"/>
  <system-out/>
  <testcase classname="com.tc_awc.functionaltestcases.AWC_SaveAsExistItemWithAllWIPStatus" name="saveAsItem_EVT3WIP" time="36.843"/>
  <system-out/>
  <testcase classname="com.tc_awc.functionaltestcases.AWC_SaveAsExistItemWithAllWIPStatus" name="saveAsItem_DVT1WIP" time="37.344"/>
  <system-out/>
  <testcase classname="com.tc_awc.functionaltestcases.AWC_SaveAsExistItemWithAllWIPStatus" name="saveAsItem_DVT2WIP" time="36.990"/>
  <system-out/>
  <testcase classname="com.tc_awc.functionaltestcases.AWC_SaveAsExistItemWithAllWIPStatus" name="saveAsItem_DVT3WIP" time="37.406"/>
  <system-out/>
  <testcase classname="com.tc_awc.functionaltestcases.AWC_SaveAsExistItemWithAllWIPStatus" name="saveAsItem_PVT1WIP" time="37.339"/>
  <system-out/>
  <testcase classname="com.tc_awc.functionaltestcases.AWC_SaveAsExistItemWithAllWIPStatus" name="saveAsItem_PVT2WIP" time="37.277"/>
  <system-out/>
</testsuite> <!-- com.tc_awc.functionaltestcases.AWC_SaveAsExistItemWithAllWIPStatus -->
