<?xml version="1.0" encoding="UTF-8"?>
<!-- Generated by org.testng.reporters.JUnitReportReporter -->
<testsuite hostname="FBTCDEV3" failures="0" tests="13" name="com.tc_awc.functionaltestcases.AWC_SubmitToWorkFlowEQR" time="921.493" errors="0" timestamp="2023-03-21T13:46:44 UTC" skipped="0">
  <testcase classname="com.tc_awc.functionaltestcases.AWC_SubmitToWorkFlowEQR" name="submitToWorkflowEQRRelease_GeneralWIP" time="70.979"/>
  <system-out/>
  <testcase classname="com.tc_awc.functionaltestcases.AWC_SubmitToWorkFlowEQR" name="submitToWorkflowEQRRelease_P0WIP" time="70.639"/>
  <system-out/>
  <testcase classname="com.tc_awc.functionaltestcases.AWC_SubmitToWorkFlowEQR" name="submitToWorkflowEQRRelease_P1WIP" time="70.632"/>
  <system-out/>
  <testcase classname="com.tc_awc.functionaltestcases.AWC_SubmitToWorkFlowEQR" name="submitToWorkflowEQRRelease_P2WIP" time="70.302"/>
  <system-out/>
  <testcase classname="com.tc_awc.functionaltestcases.AWC_SubmitToWorkFlowEQR" name="submitToWorkflowEQRRelease_P3WIP" time="70.708"/>
  <system-out/>
  <testcase classname="com.tc_awc.functionaltestcases.AWC_SubmitToWorkFlowEQR" name="submitToWorkflowEQRRelease_EVT1WIP" time="70.457"/>
  <system-out/>
  <testcase classname="com.tc_awc.functionaltestcases.AWC_SubmitToWorkFlowEQR" name="submitToWorkflowEQRRelease_EVT2WIP" time="70.297"/>
  <system-out/>
  <testcase classname="com.tc_awc.functionaltestcases.AWC_SubmitToWorkFlowEQR" name="submitToWorkflowEQRRelease_EVT3WIP" time="71.354"/>
  <system-out/>
  <testcase classname="com.tc_awc.functionaltestcases.AWC_SubmitToWorkFlowEQR" name="submitToWorkflowEQRRelease_DVT1WIP" time="71.432"/>
  <system-out/>
  <testcase classname="com.tc_awc.functionaltestcases.AWC_SubmitToWorkFlowEQR" name="submitToWorkflowEQRRelease_DVT2WIP" time="70.051"/>
  <system-out/>
  <testcase classname="com.tc_awc.functionaltestcases.AWC_SubmitToWorkFlowEQR" name="submitToWorkflowEQRRelease_DVT3WIP" time="71.220"/>
  <system-out/>
  <testcase classname="com.tc_awc.functionaltestcases.AWC_SubmitToWorkFlowEQR" name="submitToWorkflowEQRRelease_PVT1WIP" time="72.757"/>
  <system-out/>
  <testcase classname="com.tc_awc.functionaltestcases.AWC_SubmitToWorkFlowEQR" name="submitToWorkflowEQRRelease_PVT2WIP" time="70.665"/>
  <system-out/>
</testsuite> <!-- com.tc_awc.functionaltestcases.AWC_SubmitToWorkFlowEQR -->
