<?xml version="1.0" encoding="UTF-8"?>
<!-- Generated by org.testng.reporters.JUnitReportReporter -->
<testsuite hostname="FBTCDEV3" failures="0" tests="1" name="com.tc_awc.functionaltestcases.AWC_ItemStatus" time="59.435" errors="0" timestamp="2023-01-23T08:02:27 UTC" skipped="0">
  <testcase classname="com.tc_awc.functionaltestcases.AWC_ItemStatus" name="createItemStatus_EVT1WIP" time="59.435"/>
  <system-out/>
</testsuite> <!-- com.tc_awc.functionaltestcases.AWC_ItemStatus -->
