<?xml version="1.0" encoding="UTF-8"?>
<!-- Generated by org.testng.reporters.JUnitReportReporter -->
<testsuite hostname="FBTCDEV3" failures="0" tests="1" name="com.tc_awc.negativetestcases.AWC_Convert" time="21.835" errors="0" timestamp="2022-11-07T08:28:29 UTC" skipped="0">
  <testcase classname="com.tc_awc.negativetestcases.AWC_Convert" name="CreateP0WIP" time="21.835"/>
  <system-out/>
</testsuite> <!-- com.tc_awc.negativetestcases.AWC_Convert -->
