<?xml version="1.0" encoding="UTF-8"?>
<!-- Generated by org.testng.reporters.JUnitReportReporter -->
<testsuite hostname="FBTCDEV3" failures="0" tests="4" name="com.tc_awc.negativetestcases.AWC_CreateItemRevisionsWithDiffWIPStatus" time="372.576" errors="0" timestamp="2022-11-03T05:14:50 UTC" skipped="0">
  <testcase classname="com.tc_awc.negativetestcases.AWC_CreateItemRevisionsWithDiffWIPStatus" name="createItemStatus_DVTWIP" time="106.486"/>
  <system-out/>
  <testcase classname="com.tc_awc.negativetestcases.AWC_CreateItemRevisionsWithDiffWIPStatus" name="createItemStatus_EVTWIP" time="86.993"/>
  <system-out/>
  <testcase classname="com.tc_awc.negativetestcases.AWC_CreateItemRevisionsWithDiffWIPStatus" name="createItemStatus_P0WIP" time="78.812"/>
  <system-out/>
  <testcase classname="com.tc_awc.negativetestcases.AWC_CreateItemRevisionsWithDiffWIPStatus" name="createItemStatus_PVTWIP" time="100.285"/>
  <system-out/>
</testsuite> <!-- com.tc_awc.negativetestcases.AWC_CreateItemRevisionsWithDiffWIPStatus -->
