<?xml version="1.0" encoding="UTF-8"?>
<!-- Generated by org.testng.reporters.JUnitReportReporter -->
<testsuite hostname="FBTCDEV3" failures="0" tests="1" name="com.tc_awc.configuration.AWC_revisionRuleP1WIP" time="55.509" errors="0" timestamp="2023-01-06T17:46:17 UTC" skipped="0">
  <testcase classname="com.tc_awc.configuration.AWC_revisionRuleP1WIP" name="applyRevisionRuleP1" time="55.509"/>
  <system-out/>
</testsuite> <!-- com.tc_awc.configuration.AWC_revisionRuleP1WIP -->
