<?xml version="1.0" encoding="UTF-8"?>
<!-- Generated by org.testng.reporters.JUnitReportReporter -->
<testsuite hostname="FBTCDEV3" failures="0" tests="13" name="com.tc_awc.functionaltestcases.AWC_ConvertAnyWIPTOAnyBuildWIP" time="998.778" errors="0" timestamp="2023-03-20T12:54:31 UTC" skipped="0">
  <testcase classname="com.tc_awc.functionaltestcases.AWC_ConvertAnyWIPTOAnyBuildWIP" name="convertToBuildWIP_General" time="71.136"/>
  <system-out/>
  <testcase classname="com.tc_awc.functionaltestcases.AWC_ConvertAnyWIPTOAnyBuildWIP" name="convertToBuildWIP_P0" time="72.041"/>
  <system-out/>
  <testcase classname="com.tc_awc.functionaltestcases.AWC_ConvertAnyWIPTOAnyBuildWIP" name="convertToBuildWIP_P1" time="72.601"/>
  <system-out/>
  <testcase classname="com.tc_awc.functionaltestcases.AWC_ConvertAnyWIPTOAnyBuildWIP" name="convertToBuildWIP_P2" time="73.867"/>
  <system-out/>
  <testcase classname="com.tc_awc.functionaltestcases.AWC_ConvertAnyWIPTOAnyBuildWIP" name="convertToBuildWIP_P3" time="74.642"/>
  <system-out/>
  <testcase classname="com.tc_awc.functionaltestcases.AWC_ConvertAnyWIPTOAnyBuildWIP" name="convertToBuildWIP_EVT1" time="75.427"/>
  <system-out/>
  <testcase classname="com.tc_awc.functionaltestcases.AWC_ConvertAnyWIPTOAnyBuildWIP" name="convertToBuildWIP_EVT2" time="76.797"/>
  <system-out/>
  <testcase classname="com.tc_awc.functionaltestcases.AWC_ConvertAnyWIPTOAnyBuildWIP" name="convertToBuildWIP_EVT3" time="78.110"/>
  <system-out/>
  <testcase classname="com.tc_awc.functionaltestcases.AWC_ConvertAnyWIPTOAnyBuildWIP" name="convertToBuildWIP_DVT1" time="78.688"/>
  <system-out/>
  <testcase classname="com.tc_awc.functionaltestcases.AWC_ConvertAnyWIPTOAnyBuildWIP" name="convertToBuildWIP_DVT2" time="79.922"/>
  <system-out/>
  <testcase classname="com.tc_awc.functionaltestcases.AWC_ConvertAnyWIPTOAnyBuildWIP" name="convertToBuildWIP_DVT3" time="80.411"/>
  <system-out/>
  <testcase classname="com.tc_awc.functionaltestcases.AWC_ConvertAnyWIPTOAnyBuildWIP" name="convertToBuildWIP_PVT1" time="82.079"/>
  <system-out/>
  <testcase classname="com.tc_awc.functionaltestcases.AWC_ConvertAnyWIPTOAnyBuildWIP" name="convertToBuildWIP_PVT2" time="83.057"/>
  <system-out/>
</testsuite> <!-- com.tc_awc.functionaltestcases.AWC_ConvertAnyWIPTOAnyBuildWIP -->
