<?xml version="1.0" encoding="UTF-8"?>
<!-- Generated by org.testng.reporters.JUnitReportReporter -->
<testsuite hostname="FBTCDEV3" failures="0" tests="1" name="com.tc_awc.configuration.AWC_configP0" time="89.557" errors="0" timestamp="2022-12-19T14:22:08 UTC" skipped="0">
  <testcase classname="com.tc_awc.configuration.AWC_configP0" name="createItemStatus_GeneralWIP" time="89.557"/>
  <system-out/>
</testsuite> <!-- com.tc_awc.configuration.AWC_configP0 -->
