<?xml version="1.0" encoding="UTF-8"?>
<!-- Generated by org.testng.reporters.JUnitReportReporter -->
<testsuite hostname="FBTCDEV3" failures="0" tests="1" name="com.tc_awc.negativetestcases.AWC_CreateWIPtoAnyWIPRevision" time="80.022" errors="0" timestamp="2022-11-18T15:17:52 UTC" skipped="0">
  <testcase classname="com.tc_awc.negativetestcases.AWC_CreateWIPtoAnyWIPRevision" name="CreateWIPtoAnyWIPRevision_P0WIP" time="80.022"/>
  <system-out/>
</testsuite> <!-- com.tc_awc.negativetestcases.AWC_CreateWIPtoAnyWIPRevision -->
