<?xml version="1.0" encoding="UTF-8"?>
<!-- Generated by org.testng.reporters.JUnitReportReporter -->
<testsuite hostname="FBTCDEV3" failures="0" tests="13" name="com.tc_awc.functionaltestcases.AWC_CreateItem" time="836.461" errors="0" timestamp="2023-03-23T19:39:57 UTC" skipped="0">
  <testcase classname="com.tc_awc.functionaltestcases.AWC_CreateItem" name="createItemStatus_GeneralWIP" time="62.998"/>
  <system-out/>
  <testcase classname="com.tc_awc.functionaltestcases.AWC_CreateItem" name="createItemStatus_P0WIP" time="63.963"/>
  <system-out/>
  <testcase classname="com.tc_awc.functionaltestcases.AWC_CreateItem" name="createItemStatus_P1WIP" time="64.374"/>
  <system-out/>
  <testcase classname="com.tc_awc.functionaltestcases.AWC_CreateItem" name="createItemStatus_P2WIP" time="64.062"/>
  <system-out/>
  <testcase classname="com.tc_awc.functionaltestcases.AWC_CreateItem" name="createItemStatus_P3WIP" time="65.755"/>
  <system-out/>
  <testcase classname="com.tc_awc.functionaltestcases.AWC_CreateItem" name="createItemStatus_EVT1WIP" time="64.490"/>
  <system-out/>
  <testcase classname="com.tc_awc.functionaltestcases.AWC_CreateItem" name="createItemStatus_EVT2WIP" time="64.349"/>
  <system-out/>
  <testcase classname="com.tc_awc.functionaltestcases.AWC_CreateItem" name="createItemStatus_EVT3WIP" time="64.339"/>
  <system-out/>
  <testcase classname="com.tc_awc.functionaltestcases.AWC_CreateItem" name="createItemStatus_DVT1WIP" time="64.693"/>
  <system-out/>
  <testcase classname="com.tc_awc.functionaltestcases.AWC_CreateItem" name="createItemStatus_DVT2WIP" time="64.331"/>
  <system-out/>
  <testcase classname="com.tc_awc.functionaltestcases.AWC_CreateItem" name="createItemStatus_DVT3WIP" time="64.148"/>
  <system-out/>
  <testcase classname="com.tc_awc.functionaltestcases.AWC_CreateItem" name="createItemStatus_PVT1WIP" time="64.271"/>
  <system-out/>
  <testcase classname="com.tc_awc.functionaltestcases.AWC_CreateItem" name="createItemStatus_PVT2WIP" time="64.688"/>
  <system-out/>
</testsuite> <!-- com.tc_awc.functionaltestcases.AWC_CreateItem -->
