<?xml version="1.0" encoding="UTF-8"?>
<!-- Generated by org.testng.reporters.JUnitReportReporter -->
<testsuite hostname="FBTCDEV3" failures="0" tests="1" name="com.tc_awc.functionaltestcases.AWC_SubmitToWorkFlowMP" time="75.956" errors="0" timestamp="2023-03-20T13:38:51 UTC" skipped="0">
  <testcase classname="com.tc_awc.functionaltestcases.AWC_SubmitToWorkFlowMP" name="submitToWorkflowMPRelease_PVT2WIP" time="75.956"/>
  <system-out/>
</testsuite> <!-- com.tc_awc.functionaltestcases.AWC_SubmitToWorkFlowMP -->
