<?xml version="1.0" encoding="UTF-8"?>
<!-- Generated by org.testng.reporters.JUnitReportReporter -->
<testsuite hostname="FBTCDEV3" failures="0" tests="1" name="com.tc_awc.negativetestcases.AWC_CreateWorkflow" time="71.508" errors="0" timestamp="2022-11-10T14:01:26 UTC" skipped="0">
  <testcase classname="com.tc_awc.negativetestcases.AWC_CreateWorkflow" name="EVTWIP" time="71.508"/>
  <system-out/>
</testsuite> <!-- com.tc_awc.negativetestcases.AWC_CreateWorkflow -->
