<?xml version="1.0" encoding="UTF-8"?>
<!-- Generated by org.testng.reporters.JUnitReportReporter -->
<testsuite hostname="FBTCDEV3" failures="0" tests="4" name="com.tc_awc.negativetestcases.AWC_ConvertToBuildWIP" time="329.063" errors="0" timestamp="2023-03-20T12:54:31 UTC" skipped="0">
  <testcase classname="com.tc_awc.negativetestcases.AWC_ConvertToBuildWIP" name="convertToBuildWIP_P0WIP" time="81.935"/>
  <system-out/>
  <testcase classname="com.tc_awc.negativetestcases.AWC_ConvertToBuildWIP" name="convertToBuildWIP_EVTWIP" time="82.125"/>
  <system-out/>
  <testcase classname="com.tc_awc.negativetestcases.AWC_ConvertToBuildWIP" name="convertToBuildWIP_DVTWIP" time="82.950"/>
  <system-out/>
  <testcase classname="com.tc_awc.negativetestcases.AWC_ConvertToBuildWIP" name="convertToBuildWIP_PVTWIP" time="82.053"/>
  <system-out/>
</testsuite> <!-- com.tc_awc.negativetestcases.AWC_ConvertToBuildWIP -->
