<?xml version="1.0" encoding="UTF-8"?>
<!-- Generated by org.testng.reporters.JUnitReportReporter -->
<testsuite hostname="FBTCDEV3" failures="0" tests="1" name="com.tc_awc.functionaltestcases.AWC_CreateNewItem" time="32.903" errors="0" timestamp="2023-03-23T19:39:57 UTC" skipped="0">
  <testcase classname="com.tc_awc.functionaltestcases.AWC_CreateNewItem" name="createNewItem" time="32.903"/>
  <system-out/>
</testsuite> <!-- com.tc_awc.functionaltestcases.AWC_CreateNewItem -->
